[    0.000000] Initializing cgroup subsys cpuset
[    0.000000] Initializing cgroup subsys cpu
[    0.000000] Initializing cgroup subsys cpuacct
[    0.000000] Linux version 4.4.0-210-generic (buildd@lgw01-amd64-009) (gcc version 5.4.0 20160609 (Ubuntu 5.4.0-6ubuntu1~16.04.12) ) #242-Ubuntu SMP Fri Apr 16 09:57:56 UTC 2021 (Ubuntu 4.4.0-210.242-generic 4.4.262)
[    0.000000] Command line: BOOT_IMAGE=/boot/vmlinuz-4.4.0-210-generic root=LABEL=cloudimg-rootfs ro console=tty1 console=ttyS0
[    0.000000] KERNEL supported cpus:
[    0.000000]   Intel GenuineIntel
[    0.000000]   AMD AuthenticAMD
[    0.000000]   Centaur CentaurHauls
[    0.000000] x86/fpu: Legacy x87 FPU detected.
[    0.000000] e820: BIOS-provided physical RAM map:
[    0.000000] BIOS-e820: [mem 0x0000000000000000-0x000000000009fbff] usable
[    0.000000] BIOS-e820: [mem 0x000000000009fc00-0x000000000009ffff] reserved
[    0.000000] BIOS-e820: [mem 0x00000000000f0000-0x00000000000fffff] reserved
[    0.000000] BIOS-e820: [mem 0x0000000000100000-0x000000003ffeffff] usable
[    0.000000] BIOS-e820: [mem 0x000000003fff0000-0x000000003fffffff] ACPI data
[    0.000000] BIOS-e820: [mem 0x00000000fec00000-0x00000000fec00fff] reserved
[    0.000000] BIOS-e820: [mem 0x00000000fee00000-0x00000000fee00fff] reserved
[    0.000000] BIOS-e820: [mem 0x00000000fffc0000-0x00000000ffffffff] reserved
[    0.000000] NX (Execute Disable) protection: active
[    0.000000] SMBIOS 2.5 present.
[    0.000000] Hypervisor detected: KVM
[    0.000000] Kernel/User page tables isolation: disabled
[    0.000000] e820: last_pfn = 0x3fff0 max_arch_pfn = 0x400000000
[    0.000000] MTRR: Disabled
[    0.000000] x86/PAT: MTRRs disabled, skipping PAT initialization too.
[    0.000000] CPU MTRRs all blank - virtualized system.
[    0.000000] x86/PAT: Configuration [0-7]: WB  WT  UC- UC  WB  WT  UC- UC  
[    0.000000] found SMP MP-table at [mem 0x0009fff0-0x0009ffff] mapped at [ffff88000009fff0]
[    0.000000] Scanning 1 areas for low memory corruption
[    0.000000] RAMDISK: [mem 0x362dc000-0x37165fff]
[    0.000000] ACPI: Early table checksum verification disabled
[    0.000000] ACPI: RSDP 0x00000000000E0000 000024 (v02 VBOX  )
[    0.000000] ACPI: XSDT 0x000000003FFF0030 00003C (v01 VBOX   VBOXXSDT 00000001 ASL  00000061)
[    0.000000] ACPI: FACP 0x000000003FFF00F0 0000F4 (v04 VBOX   VBOXFACP 00000001 ASL  00000061)
[    0.000000] ACPI: DSDT 0x000000003FFF0610 002353 (v02 VBOX   VBOXBIOS 00000002 INTL 20100528)
[    0.000000] ACPI: FACS 0x000000003FFF0200 000040
[    0.000000] ACPI: FACS 0x000000003FFF0200 000040
[    0.000000] ACPI: APIC 0x000000003FFF0240 00005C (v02 VBOX   VBOXAPIC 00000001 ASL  00000061)
[    0.000000] ACPI: SSDT 0x000000003FFF02A0 00036C (v01 VBOX   VBOXCPUT 00000002 INTL 20100528)
[    0.000000] No NUMA configuration found
[    0.000000] Faking a node at [mem 0x0000000000000000-0x000000003ffeffff]
[    0.000000] NODE_DATA(0) allocated [mem 0x3ffeb000-0x3ffeffff]
[    0.000000] kvm-clock: Using msrs 4b564d01 and 4b564d00
[    0.000000] kvm-clock: cpu 0, msr 0:3ffe3001, primary cpu clock
[    0.000000] kvm-clock: using sched offset of 4424599694 cycles
[    0.000000] clocksource: kvm-clock: mask: 0xffffffffffffffff max_cycles: 0x1cd42e4dffb, max_idle_ns: 881590591483 ns
[    0.000000] Zone ranges:
[    0.000000]   DMA      [mem 0x0000000000001000-0x0000000000ffffff]
[    0.000000]   DMA32    [mem 0x0000000001000000-0x000000003ffeffff]
[    0.000000]   Normal   empty
[    0.000000]   Device   empty
[    0.000000] Movable zone start for each node
[    0.000000] Early memory node ranges
[    0.000000]   node   0: [mem 0x0000000000001000-0x000000000009efff]
[    0.000000]   node   0: [mem 0x0000000000100000-0x000000003ffeffff]
[    0.000000] Initmem setup node 0 [mem 0x0000000000001000-0x000000003ffeffff]
[    0.000000] ACPI: PM-Timer IO Port: 0x4008
[    0.000000] IOAPIC[0]: apic_id 2, version 32, address 0xfec00000, GSI 0-23
[    0.000000] ACPI: INT_SRC_OVR (bus 0 bus_irq 0 global_irq 2 dfl dfl)
[    0.000000] ACPI: INT_SRC_OVR (bus 0 bus_irq 9 global_irq 9 low level)
[    0.000000] Using ACPI (MADT) for SMP configuration information
[    0.000000] smpboot: Allowing 2 CPUs, 0 hotplug CPUs
[    0.000000] PM: Registered nosave memory: [mem 0x00000000-0x00000fff]
[    0.000000] PM: Registered nosave memory: [mem 0x0009f000-0x0009ffff]
[    0.000000] PM: Registered nosave memory: [mem 0x000a0000-0x000effff]
[    0.000000] PM: Registered nosave memory: [mem 0x000f0000-0x000fffff]
[    0.000000] e820: [mem 0x40000000-0xfebfffff] available for PCI devices
[    0.000000] Booting paravirtualized kernel on KVM
[    0.000000] clocksource: refined-jiffies: mask: 0xffffffff max_cycles: 0xffffffff, max_idle_ns: 7645519600211568 ns
[    0.000000] setup_percpu: NR_CPUS:512 nr_cpumask_bits:512 nr_cpu_ids:2 nr_node_ids:1
[    0.000000] PERCPU: Embedded 33 pages/cpu @ffff88003fc00000 s95192 r8192 d31784 u1048576
[    0.000000] Built 1 zonelists in Node order, mobility grouping on.  Total pages: 257912
[    0.000000] Policy zone: DMA32
[    0.000000] Kernel command line: BOOT_IMAGE=/boot/vmlinuz-4.4.0-210-generic root=LABEL=cloudimg-rootfs ro console=tty1 console=ttyS0
[    0.000000] PID hash table entries: 4096 (order: 3, 32768 bytes)
[    0.000000] Memory: 997792K/1048120K available (8644K kernel code, 1332K rwdata, 4044K rodata, 1492K init, 1164K bss, 50328K reserved, 0K cma-reserved)
[    0.000000] SLUB: HWalign=64, Order=0-3, MinObjects=0, CPUs=2, Nodes=1
[    0.000000] Hierarchical RCU implementation.
[    0.000000] 	Build-time adjustment of leaf fanout to 64.
[    0.000000] 	RCU restricting CPUs from NR_CPUS=512 to nr_cpu_ids=2.
[    0.000000] RCU: Adjusting geometry for rcu_fanout_leaf=64, nr_cpu_ids=2
[    0.000000] NR_IRQS:33024 nr_irqs:440 16
[    0.000000] Console: colour VGA+ 80x25
[    0.000000] console [tty1] enabled
[    0.000000] console [ttyS0] enabled
[    0.000000] tsc: Detected 1113.603 MHz processor
[    0.713016] Calibrating delay loop (skipped) preset value.. 2227.20 BogoMIPS (lpj=4454412)
[    0.723297] pid_max: default: 32768 minimum: 301
[    0.731294] ACPI: Core revision 20150930
[    0.740011] ACPI: 2 ACPI AML tables successfully acquired and loaded
[    0.751286] Security Framework initialized
[    0.757381] Yama: becoming mindful.
[    0.761424] AppArmor: AppArmor initialized
[    0.768869] Dentry cache hash table entries: 131072 (order: 8, 1048576 bytes)
[    0.785189] Inode-cache hash table entries: 65536 (order: 7, 524288 bytes)
[    0.801247] Mount-cache hash table entries: 2048 (order: 2, 16384 bytes)
[    0.811045] Mountpoint-cache hash table entries: 2048 (order: 2, 16384 bytes)
[    0.824965] Initializing cgroup subsys io
[    0.829487] Initializing cgroup subsys memory
[    0.834410] Initializing cgroup subsys devices
[    0.840152] Initializing cgroup subsys freezer
[    0.848307] Initializing cgroup subsys net_cls
[    0.854379] Initializing cgroup subsys perf_event
[    0.861694] Initializing cgroup subsys net_prio
[    0.867029] Initializing cgroup subsys hugetlb
[    0.872689] Initializing cgroup subsys pids
[    0.891963] mce: CPU supports 0 MCE banks
[    0.898221] Last level iTLB entries: 4KB 0, 2MB 0, 4MB 0
[    0.903890] Last level dTLB entries: 4KB 0, 2MB 0, 4MB 0, 1GB 0
[    0.910026] Spectre V1 : Mitigation: usercopy/swapgs barriers and __user pointer sanitization
[    0.925296] Spectre V2 : Mitigation: Enhanced IBRS
[    0.933187] Spectre V2 : Spectre v2 / SpectreRSB mitigation: Filling RSB on context switch
[    0.945436] Speculative Store Bypass: Vulnerable
[    0.989311] Freeing SMP alternatives memory: 36K
[    1.129884] ftrace: allocating 32380 entries in 127 pages
[    1.810071] smpboot: APIC(0) Converting physical 0 to logical package 0
[    1.824314] smpboot: Max logical packages: 1
[    1.845878] ..TIMER: vector=0x30 apic1=0 pin1=2 apic2=-1 pin2=-1
[    1.961214] smpboot: CPU0: Intel(R) Celeron(R) N4500 @ 1.10GHz (family: 0x6, model: 0x9c, stepping: 0x0)
[    1.974459] Performance Events: unsupported p6 CPU model 156 no PMU driver, software events only.
[    2.079641] KVM setup paravirtual spinlock
[    2.086618] x86: Booting SMP configuration:
[    2.091066] .... node  #0, CPUs:      #1
[    2.096595] kvm-clock: cpu 1, msr 0:3ffe3041, secondary cpu clock
[    2.111160] mce: CPU supports 0 MCE banks
[    2.115123] TSC synchronization [CPU#0 -> CPU#1]:
[    2.120088] Measured 80071 cycles TSC warp between CPUs, turning off TSC clock.
[    2.128220] tsc: Marking TSC unstable due to check_tsc_sync_source failed
[    0.614553] x86: Booted up 1 node, 2 CPUs
[    0.616005] smpboot: Total of 2 processors activated (4454.41 BogoMIPS)
[    0.624749] devtmpfs: initialized
[    0.630227] evm: security.selinux
[    0.632009] evm: security.SMACK64
[    0.636003] evm: security.SMACK64EXEC
[    0.640003] evm: security.SMACK64TRANSMUTE
[    0.644003] evm: security.SMACK64MMAP
[    0.648004] evm: security.ima
[    0.650965] evm: security.capability
[    0.656171] clocksource: jiffies: mask: 0xffffffff max_cycles: 0xffffffff, max_idle_ns: 7645041785100000 ns
[    0.660015] futex hash table entries: 512 (order: 3, 32768 bytes)
[    0.664449] pinctrl core: initialized pinctrl subsystem
[    0.668413] RTC time: 16:39:43, date: 05/10/23
[    0.677137] NET: Registered protocol family 16
[    0.692013] cpuidle: using governor ladder
[    0.708008] cpuidle: using governor menu
[    0.712131] PCCT header not found.
[    0.716165] ACPI: bus type PCI registered
[    0.720005] acpiphp: ACPI Hot Plug PCI Controller Driver version: 0.5
[    0.724517] PCI: Using configuration type 1 for base access
[    0.753169] ACPI: Added _OSI(Module Device)
[    0.756006] ACPI: Added _OSI(Processor Device)
[    0.760007] ACPI: Added _OSI(3.0 _SCP Extensions)
[    0.764012] ACPI: Added _OSI(Processor Aggregator Device)
[    0.769704] ACPI: Executed 1 blocks of module-level executable AML code
[    0.784506] ACPI: Interpreter enabled
[    0.788028] ACPI: (supports S0 S5)
[    0.792004] ACPI: Using IOAPIC for interrupt routing
[    0.796444] PCI: Using host bridge windows from ACPI; if necessary, use "pci=nocrs" and report a bug
[    0.811517] ACPI: PCI Root Bridge [PCI0] (domain 0000 [bus 00-ff])
[    0.812011] acpi PNP0A03:00: _OSC: OS supports [ASPM ClockPM Segments MSI]
[    0.816652] acpi PNP0A03:00: _OSC: not requesting OS control; OS requires [ExtendedConfig ASPM ClockPM MSI]
[    0.820016] acpi PNP0A03:00: fail to add MMCONFIG information, can't access extended PCI configuration space under this bridge.
[    0.824763] PCI host bridge to bus 0000:00
[    0.828006] pci_bus 0000:00: root bus resource [io  0x0000-0x0cf7 window]
[    0.832005] pci_bus 0000:00: root bus resource [io  0x0d00-0xffff window]
[    0.836006] pci_bus 0000:00: root bus resource [mem 0x000a0000-0x000bffff window]
[    0.840006] pci_bus 0000:00: root bus resource [mem 0x40000000-0xfdffffff window]
[    0.844007] pci_bus 0000:00: root bus resource [bus 00-ff]
[    0.856937] pci 0000:00:01.1: legacy IDE quirk: reg 0x10: [io  0x01f0-0x01f7]
[    0.860005] pci 0000:00:01.1: legacy IDE quirk: reg 0x14: [io  0x03f6]
[    0.864005] pci 0000:00:01.1: legacy IDE quirk: reg 0x18: [io  0x0170-0x0177]
[    0.868005] pci 0000:00:01.1: legacy IDE quirk: reg 0x1c: [io  0x0376]
[    0.894759] pci 0000:00:07.0: quirk: [io  0x4000-0x403f] claimed by PIIX4 ACPI
[    0.896043] pci 0000:00:07.0: quirk: [io  0x4100-0x410f] claimed by PIIX4 SMB
[    0.914098] ACPI: PCI Interrupt Link [LNKA] (IRQs 5 9 10 *11)
[    0.922838] ACPI: PCI Interrupt Link [LNKB] (IRQs 5 9 *10 11)
[    0.932228] ACPI: PCI Interrupt Link [LNKC] (IRQs 5 *9 10 11)
[    0.941984] ACPI: PCI Interrupt Link [LNKD] (IRQs 5 9 10 *11)
[    0.949957] ACPI: Enabled 2 GPEs in block 00 to 07
[    0.956052] vgaarb: setting as boot device: PCI:0000:00:02.0
[    0.960000] vgaarb: device added: PCI:0000:00:02.0,decodes=io+mem,owns=io+mem,locks=none
[    0.960006] vgaarb: loaded
[    0.964003] vgaarb: bridge control possible 0000:00:02.0
[    0.968493] SCSI subsystem initialized
[    0.976186] ACPI: bus type USB registered
[    0.980069] usbcore: registered new interface driver usbfs
[    0.984054] usbcore: registered new interface driver hub
[    0.988015] usbcore: registered new device driver usb
[    0.992604] PCI: Using ACPI for IRQ routing
[    0.996897] NetLabel: Initializing
[    1.000005] NetLabel:  domain hash size = 128
[    1.004003] NetLabel:  protocols = UNLABELED CIPSOv4
[    1.008026] NetLabel:  unlabeled traffic allowed by default
[    1.012192] amd_nb: Cannot enumerate AMD northbridges
[    1.016413] clocksource: Switched to clocksource kvm-clock
[    1.039057] AppArmor: AppArmor Filesystem Enabled
[    1.039057] pnp: PnP ACPI init
[    1.039057] pnp: PnP ACPI: found 3 devices
[    1.174943] clocksource: acpi_pm: mask: 0xffffff max_cycles: 0xffffff, max_idle_ns: 2085701024 ns
[    1.177749] NET: Registered protocol family 2
[    1.206295] TCP established hash table entries: 8192 (order: 4, 65536 bytes)
[    1.208444] TCP bind hash table entries: 8192 (order: 5, 131072 bytes)
[    1.208444] TCP: Hash tables configured (established 8192 bind 8192)
[    1.208444] UDP hash table entries: 512 (order: 2, 16384 bytes)
[    1.208444] UDP-Lite hash table entries: 512 (order: 2, 16384 bytes)
[    1.208444] NET: Registered protocol family 1
[    1.208444] pci 0000:00:00.0: Limiting direct PCI/PCI transfers
[    1.208444] pci 0000:00:01.0: Activating ISA DMA hang workarounds
[    1.208444] Unpacking initramfs...
[    1.208444] Freeing initrd memory: 14888K
[    1.208444] clocksource: tsc: mask: 0xffffffffffffffff max_cycles: 0x100d4ba3281, max_idle_ns: 440795247735 ns
[    1.208444] platform rtc_cmos: registered platform RTC device (no PNP device found)
[    1.208444] Scanning for low memory corruption every 60 seconds
[    1.717164] audit: initializing netlink subsys (disabled)
[    1.723576] audit: type=2000 audit(1683736789.355:1): initialized
[    1.731369] Initialise system trusted keyring
[    1.741050] HugeTLB registered 2 MB page size, pre-allocated 0 pages
[    1.750401] zbud: loaded
[    1.755574] VFS: Disk quotas dquot_6.6.0
[    1.761091] VFS: Dquot-cache hash table entries: 512 (order 0, 4096 bytes)
[    1.769250] squashfs: version 4.0 (2009/01/31) Phillip Lougher
[    1.776663] fuse init (API version 7.23)
[    1.781964] Key type big_key registered
[    1.786750] Allocating IMA MOK and blacklist keyrings.
[    1.809926] Key type asymmetric registered
[    1.814224] Asymmetric key parser 'x509' registered
[    1.819023] Block layer SCSI generic (bsg) driver version 0.4 loaded (major 249)
[    1.827823] io scheduler noop registered
[    1.833072] io scheduler deadline registered (default)
[    1.839184] io scheduler cfq registered
[    1.844442] pci_hotplug: PCI Hot Plug PCI Core version: 0.5
[    1.850397] pciehp: PCI Express Hot Plug Controller Driver version: 0.4
[    1.858007] ACPI: AC Adapter [AC] (off-line)
[    1.863631] input: Power Button as /devices/LNXSYSTM:00/LNXPWRBN:00/input/input0
[    1.874216] ACPI: Power Button [PWRF]
[    1.880357] input: Sleep Button as /devices/LNXSYSTM:00/LNXSLPBN:00/input/input1
[    1.888760] ACPI: Sleep Button [SLPF]
[    1.896670] GHES: HEST is not enabled!
[    1.901491] ACPI: Battery Slot [BAT0] (battery present)
[    1.911547] Serial: 8250/16550 driver, 32 ports, IRQ sharing enabled
[    1.950225] 00:02: ttyS0 at I/O 0x3f8 (irq = 4, base_baud = 115200) is a 16550A
[    1.982589] Linux agpgart interface v0.103
[    2.009767] loop: module loaded
[    2.018323] scsi host0: ata_piix
[    2.025781] scsi host1: ata_piix
[    2.029703] ata1: PATA max UDMA/33 cmd 0x1f0 ctl 0x3f6 bmdma 0xd000 irq 14
[    2.029703] ata2: PATA max UDMA/33 cmd 0x170 ctl 0x376 bmdma 0xd008 irq 15
[    2.048980] libphy: Fixed MDIO Bus: probed
[    2.055410] tun: Universal TUN/TAP device driver, 1.6
[    2.061545] tun: (C) 1999-2004 Max Krasnyansky <maxk@qualcomm.com>
[    2.070079] PPP generic driver version 2.4.2
[    2.075874] ehci_hcd: USB 2.0 'Enhanced' Host Controller (EHCI) Driver
[    2.083015] ehci-pci: EHCI PCI platform driver
[    2.089652] ehci-platform: EHCI generic platform driver
[    2.098361] ohci_hcd: USB 1.1 'Open' Host Controller (OHCI) Driver
[    2.105047] ohci-pci: OHCI PCI platform driver
[    2.109861] ohci-platform: OHCI generic platform driver
[    2.115848] uhci_hcd: USB Universal Host Controller Interface driver
[    2.122998] i8042: PNP: PS/2 Controller [PNP0303:PS2K,PNP0f03:PS2M] at 0x60,0x64 irq 1,12
[    2.138654] serio: i8042 KBD port at 0x60,0x64 irq 1
[    2.145385] serio: i8042 AUX port at 0x60,0x64 irq 12
[    2.151808] mousedev: PS/2 mouse device common for all mice
[    2.167764] rtc_cmos rtc_cmos: rtc core: registered rtc_cmos as rtc0
[    2.176328] input: AT Translated Set 2 keyboard as /devices/platform/i8042/serio0/input/input2
[    2.186481] rtc_cmos rtc_cmos: alarms up to one day, 114 bytes nvram
[    2.193377] i2c /dev entries driver
[    2.198627] device-mapper: uevent: version 1.0.3
[    2.204945] device-mapper: ioctl: 4.34.0-ioctl (2015-10-28) initialised: dm-devel@redhat.com
[    2.213700] ledtrig-cpu: registered to indicate activity on CPUs
[    2.272358] NET: Registered protocol family 10
[    2.277889] NET: Registered protocol family 17
[    2.283271] Key type dns_resolver registered
[    2.290854] registered taskstats version 1
[    2.295636] Loading compiled-in X.509 certificates
[    2.301918] Loaded X.509 cert 'Build time autogenerated kernel key: cf00e047681d67edb2720680708b7d9498083038'
[    2.311730] zswap: loaded using pool lzo/zbud
[    2.322115] Key type trusted registered
[    2.334342] Key type encrypted registered
[    2.338656] AppArmor: AppArmor sha1 policy hashing enabled
[    2.344500] ima: No TPM chip found, activating TPM-bypass!
[    2.350443] ima: Allocated hash algorithm: sha1
[    2.361277] evm: HMAC attrs: 0x1
[    2.367100]   Magic number: 7:574:691
[    2.372299] rtc_cmos rtc_cmos: setting system clock to 2023-05-10 16:39:45 UTC (1683736785)
[    2.381528] BIOS EDD facility v0.16 2004-Jun-25, 0 devices found
[    2.385382] EDD information not available.
[    2.395206] Freeing unused kernel memory: 1492K
[    2.397394] Write protecting the kernel read-only data: 14336k
[    2.407500] Freeing unused kernel memory: 1584K
[    2.413151] Freeing unused kernel memory: 52K
Loading, please wait...
starting version 229
[    2.466631] random: systemd-udevd: uninitialized urandom read (16 bytes read, 9 bits of entropy available)
[    2.473364] random: udevadm: uninitialized urandom read (16 bytes read, 9 bits of entropy available)
[    2.473555] random: udevadm: uninitialized urandom read (16 bytes read, 9 bits of entropy available)
[    2.506855] random: udevadm: uninitialized urandom read (16 bytes read, 9 bits of entropy available)
[    2.506925] random: udevadm: uninitialized urandom read (16 bytes read, 9 bits of entropy available)
[    2.507161] random: udevadm: uninitialized urandom read (16 bytes read, 9 bits of entropy available)
[    2.507230] random: udevadm: uninitialized urandom read (16 bytes read, 9 bits of entropy available)
[    2.507360] random: udevadm: uninitialized urandom read (16 bytes read, 9 bits of entropy available)
[    2.507467] random: udevadm: uninitialized urandom read (16 bytes read, 9 bits of entropy available)
[    2.507568] random: udevadm: uninitialized urandom read (16 bytes read, 9 bits of entropy available)
[    2.669268] Fusion MPT base driver 3.04.20
[    2.682543] Copyright (c) 1999-2008 LSI Corporation
[    2.693839] e1000: Intel(R) PRO/1000 Network Driver - version 7.3.21-k8-NAPI
[    2.705660] e1000: Copyright (c) 1999-2006 Intel Corporation.
[    2.789004] SSE version of gcm_enc/dec engaged.
[    2.797040] Fusion MPT SPI Host driver 3.04.20
[    3.029839] input: ImExPS/2 Generic Explorer Mouse as /devices/platform/i8042/serio1/input/input4
[    3.537079] e1000 0000:00:03.0 eth0: (PCI:33MHz:32-bit) 02:be:82:6b:cc:1d
[    3.545153] e1000 0000:00:03.0 eth0: Intel(R) PRO/1000 Network Connection
[    4.335999] e1000 0000:00:08.0 eth1: (PCI:33MHz:32-bit) 08:00:27:ce:52:34
[    4.344997] e1000 0000:00:08.0 eth1: Intel(R) PRO/1000 Network Connection
[    4.357278] e1000 0000:00:08.0 enp0s8: renamed from eth1
[    4.364068] mptbase: ioc0: Initiating bringup
[    4.373317] e1000 0000:00:03.0 enp0s3: renamed from eth0
[    4.655094] ioc0: LSI53C1030 A0: Capabilities={Initiator}
[    5.613533] scsi host2: ioc0: LSI53C1030 A0, FwRev=00000000h, Ports=1, MaxQ=256, IRQ=20
[    5.791768] scsi 2:0:0:0: Direct-Access     VBOX     HARDDISK         1.0  PQ: 0 ANSI: 5
[    5.824341] scsi target2:0:0: Beginning Domain Validation
[    5.881283] scsi target2:0:0: Domain Validation skipping write tests
[    5.906280] scsi target2:0:0: Ending Domain Validation
[    5.917151] scsi target2:0:0: asynchronous
[    5.934117] scsi 2:0:1:0: Direct-Access     VBOX     HARDDISK         1.0  PQ: 0 ANSI: 5
[    5.937874] scsi target2:0:1: Beginning Domain Validation
[    6.000962] scsi target2:0:1: Domain Validation skipping write tests
[    6.030569] scsi target2:0:1: Ending Domain Validation
[    6.052637] scsi target2:0:1: asynchronous
[    6.192860] sd 2:0:0:0: Attached scsi generic sg0 type 0
[    6.217951] sd 2:0:0:0: [sda] 83886080 512-byte logical blocks: (42.9 GB/40.0 GiB)
[    6.225119] sd 2:0:1:0: Attached scsi generic sg1 type 0
[    6.225360] sd 2:0:1:0: [sdb] 20480 512-byte logical blocks: (10.5 MB/10.0 MiB)
[    6.230348] sd 2:0:1:0: [sdb] Write Protect is off
[    6.231940] sd 2:0:1:0: [sdb] Incomplete mode parameter data
[    6.231944] sd 2:0:1:0: [sdb] Assuming drive cache: write through
[    6.255851] sd 2:0:1:0: [sdb] Attached SCSI disk
[    6.296213] sd 2:0:0:0: [sda] Write Protect is off
[    6.301647] sd 2:0:0:0: [sda] Incomplete mode parameter data
[    6.307285] sd 2:0:0:0: [sda] Assuming drive cache: write through
[    6.319186]  sda: sda1
[    6.325765] sd 2:0:0:0: [sda] Attached SCSI disk
Begin: Loading essential drivers ... [    8.284585] md: linear personality registered for level -1
[    8.296782] md: multipath personality registered for level -4
[    8.308235] md: raid0 personality registered for level 0
[    8.332802] md: raid1 personality registered for level 1
[    9.016159] raid6: sse2x1   gen() 85922 MB/s
[   11.023385] raid6: sse2x1   xor() 83000 MB/s
[   13.019396] raid6: sse2x2   gen() 150202 MB/s
[   14.016389] raid6: sse2x2   xor() 95496 MB/s
[   14.104688] raid6: sse2x4   gen() 12030 MB/s
[   14.176566] raid6: sse2x4   xor()  6033 MB/s
[   14.182166] raid6: using algorithm sse2x2 gen() 150202 MB/s
[   14.189235] raid6: .... xor() 95496 MB/s, rmw enabled
[   14.194574] raid6: using ssse3x2 recovery algorithm
[   14.203705] xor: measuring software checksum speed
[   14.248793]    prefetch64-sse: 12866.000 MB/sec
[   14.292679]    generic_sse: 12295.000 MB/sec
[   14.298102] xor: using function: prefetch64-sse (12866.000 MB/sec)
[   14.307569] async_tx: api initialized (async)
[   14.360572] md: raid6 personality registered for level 6
[   14.366596] md: raid5 personality registered for level 5
[   14.373564] md: raid4 personality registered for level 4
[   14.407810] md: raid10 personality registered for level 10
done.
Begin: Running /scripts/init-premount ... done.
Begin: Mounting root file system ... Begin: Running /scripts/local-top ... done.
Begin: Running /scripts/local-premount ... [   14.512561] Btrfs loaded
Scanning for Btrfs filesystems
done.
Warning: fsck not present, so skipping root file system
[   14.656170] EXT4-fs (sda1): mounted filesystem with ordered data mode. Opts: (null)
done.
Begin: Running /scripts/local-bottom ... done.
Begin: Running /scripts/init-bottom ... done.
[   15.114796] systemd[1]: systemd 229 running in system mode. (+PAM +AUDIT +SELINUX +IMA +APPARMOR +SMACK +SYSVINIT +UTMP +LIBCRYPTSETUP +GCRYPT +GNUTLS +ACL +XZ -LZ4 +SECCOMP +BLKID +ELFUTILS +KMOD -IDN)
[   15.132600] systemd[1]: Detected virtualization oracle.
[   15.137954] systemd[1]: Detected architecture x86-64.

Welcome to [1mUbuntu 16.04.7 LTS[0m!

[   15.157459] systemd[1]: Set hostname to <ubuntu>.
[   15.170478] systemd[1]: Initializing machine ID from random generator.
[   15.176762] systemd[1]: Installed transient /etc/machine-id file.
[   15.637078] systemd[1]: Reached target Encrypted Volumes.
[[0;32m  OK  [0m] Reached target Encrypted Volumes.
[   15.674440] systemd[1]: Listening on LVM2 metadata daemon socket.
[[0;32m  OK  [0m] Listening on LVM2 metadata daemon socket.
[   15.713418] systemd[1]: Created slice User and Session Slice.
[[0;32m  OK  [0m] Created slice User and Session Slice.
[   15.742041] systemd[1]: Listening on /dev/initctl Compatibility Named Pipe.
[[0;32m  OK  [0m] Listening on /dev/initctl Compatibility Named Pipe.
[   15.757235] systemd[1]: Listening on Syslog Socket.
[[0;32m  OK  [0m] Listening on Syslog Socket.
[   15.765960] systemd[1]: Listening on LVM2 poll daemon socket.
[[0;32m  OK  [0m] Listening on LVM2 poll daemon socket.
[   15.775688] systemd[1]: Listening on Journal Socket.
[[0;32m  OK  [0m] Listening on Journal Socket.
[   15.784593] systemd[1]: Listening on fsck to fsckd communication Socket.
[[0;32m  OK  [0m] Listening on fsck to fsckd communication Socket.
[   15.795366] systemd[1]: Listening on udev Kernel Socket.
[[0;32m  OK  [0m] Listening on udev Kernel Socket.
[   15.805080] systemd[1]: Reached target User and Group Name Lookups.
[[0;32m  OK  [0m] Reached target User and Group Name Lookups.
[   15.816964] systemd[1]: Reached target System Time Synchronized.
[[0;32m  OK  [0m] Reached target System Time Synchronized.
[   15.829650] systemd[1]: Started Trigger resolvconf update for networkd DNS.
[[0;32m  OK  [0m] Started Trigger resolvconf update for networkd DNS.
[   15.849074] systemd[1]: Listening on Journal Socket (/dev/log).
[[0;32m  OK  [0m] Listening on Journal Socket (/dev/log).
[   15.859389] systemd[1]: Started Forward Password Requests to Wall Directory Watch.
[[0;32m  OK  [0m] Started Forward Password Requests to Wall Directory Watch.
[   15.872588] systemd[1]: Reached target Swap.
[[0;32m  OK  [0m] Reached target Swap.
[   15.881200] systemd[1]: Set up automount Arbitrary Executable File Formats File System Automount Point.
[[0;32m  OK  [0m] Set up automount Arbitrary Executab...ats File System Automount Point.
[   15.895377] systemd[1]: Created slice System Slice.
[[0;32m  OK  [0m] Created slice System Slice.
[   15.916889] systemd[1]: Starting Create list of required static device nodes for the current kernel...
[   15.923108] random: nonblocking pool is initialized
         Starting Create list of required st... nodes for the current kernel...
[   15.942964] systemd[1]: Mounting Debug File System...
         Mounting Debug File System...
[   15.955866] systemd[1]: Mounting POSIX Message Queue File System...
         Mounting POSIX Message Queue File System...
[   15.969885] systemd[1]: Starting File System Check on Root Device...
         Starting File System Ch[   15.981321] systemd[1]: Mounting Huge Pages File System...
eck on Root Device...
         Mounting Huge Pages Fil[   15.990351] systemd[1]: Starting Uncomplicated firewall...
e System...
         Starting Uncomplicated firewall...
[   16.018003] systemd[1]: Starting Set console keymap...
         Starting Set console keymap...
[   16.028003] systemd[1]: Reached target Slices.
[[0;32m  OK  [0m] Reached target Slices.
[   16.039989] systemd[1]: Listening on Journal Audit Socket.
[[0;32m  OK  [0m] Listening on Journal Audit Socket.
[   16.072417] systemd[1]: Starting Journal Service...
         Starting Journal Service...
[   16.088057] systemd[1]: Listening on udev Control Socket.
[[0;32m  OK  [0m] Listening on udev Control Socket.
[   16.105820] systemd[1]: Starting Nameserver information manager...
         Starting Nameserver information manager...
[   16.122138] systemd[1]: Created slice system-serial\x2dgetty.slice.
[[0;32m  OK  [0m] Created slice system-serial\x2dgetty.slice.
[   16.137158] systemd[1]: Listening on Device-mapper event daemon FIFOs.
[[0;32m  OK  [0m] Listening on Device-mapper event daemon FIFOs.
[   16.153938] systemd[1]: Starting Monitoring of LVM2 mirrors, snapshots etc. using dmeventd or progress polling...
         Starting Monitoring of LVM2 mirrors... dmeventd or progress polling...
[   16.180793] systemd[1]: Starting Load Kernel Modules...
         Starting Load Kernel Modules...
[   16.198864] systemd[1]: Mounted Huge Pages File System.
[[0;32m  OK  [0m] Mounted Huge Pages File System.
[   16.217740] systemd[1]: Mounted POSIX Message Queue File System.
[   16.228817] Loading iSCSI transport class v2.0-870.
[[0;32m  OK  [0m] Mounted POSIX Message Queue File System.
[   16.238885] systemd[1]: Mounted Debug File System.
[[0;32m  OK  [0m] Mounted Debug File System.
[   16.254657] systemd[1]: Started Journal Service.
[[0;32m  OK  [0m] Started Journal Service.[   16.268025] iscsi: registered transport (tcp)

[[0;32m  OK  [0m] Started Create list of required sta...ce nodes for the current kernel.
[[0;32m  OK  [0m] Started File System Check on Root Device.
[[0;32m  OK  [0m] Started Uncomplicated firewall.
[[0;32m  OK  [0m] Started Set console keymap.
[[0;32m  OK  [0m] Started LVM2 metadata daemon.
[[0;32m  OK  [0m] Started File System Check Daemon to report status.
         Starting Remount Root and Kernel File Systems...
[   16.382573] iscsi: registered transport (iser)
[   16.388395] EXT4-fs (sda1): re-mounted. Opts: (null)
         Starting Create Static Device Nodes in /dev...
[[0;32m  OK  [0m] Started Load Kernel Modules.
[[0;32m  OK  [0m] Started Nameserver information manager.
[[0;32m  OK  [0m] Started Remount Root and Kernel File Systems.
[[0;32m  OK  [0m] Started Create Static Device Nodes in /dev.
         Starting udev Kernel Device Manager...
         Starting udev Coldplug all Devices...
         Starting Load/Save Random Seed...
         Starting Flush Journal to Persistent Storage...
         Mounting FUSE Control File System...
         Starting Apply Kernel Variables...
[[0;32m  OK  [0m] Mounted FUSE Control File System.
[[0;32m  OK  [0m] Started Load/Save Random Seed.
[   16.574166] systemd-journald[398]: Received request to flush runtime journal from PID 1
[[0;32m  OK  [0m] Started Flush Journal to Persistent Storage.
[[0;32m  OK  [0m] Started Apply Kernel Variables.
[[0;32m  OK  [0m] Started udev Kernel Device Manager.
[[0;32m  OK  [0m] Started udev Coldplug all Devices.
[[0;32m  OK  [0m] Started Dispatch Password Requests to Console Directory Watch.
[[0;32m  OK  [0m] Started Monitoring of LVM2 mirrors,...ng dmeventd or progress polling.
[[0;32m  OK  [0m] Found device /dev/ttyS0.
[[0;32m  OK  [0m] Reached target Local File Systems (Pre).
[[0;32m  OK  [0m] Reached target Local File Systems.
         Starting Initial cloud-init job (pre-networking)...
         Starting Create Volatile Files and Directories...
         Starting Set console font and keymap...
         Starting Commit a transient machine-id on disk...
         Starting Tell Plymouth To Write Out Runtime Data...
         Starting LSB: AppArmor initialization...
[[0;32m  OK  [0m] Started Tell Plymouth To Write Out Runtime Data.
[[0;32m  OK  [0m] Started Create Volatile Files and Directories.
         Starting Update UTMP about System Boot/Shutdown...
[[0;32m  OK  [0m] Started Commit a transient machine-id on disk.
[[0;32m  OK  [0m] Started Update UTMP about System Boot/Shutdown.
[[0;32m  OK  [0m] Listening on Load/Save RF Kill Switch Status /dev/rfkill Watch.
[[0;32m  OK  [0m] Started LSB: AppArmor initialization.
         Starting Load AppArmor profiles managed internally by snapd...
[[0;32m  OK  [0m] Started Load AppArmor profiles managed internally by snapd.
[   19.987331] cloud-init[505]: Cloud-init v. 21.1-19-gbad84ad4-0ubuntu1~16.04.2 running 'init-local' at Wed, 10 May 2023 16:40:02 +0000. Up 19.34 seconds.
[[0;32m  OK  [0m] Started Initial cloud-init job (pre-networking).
[[0;32m  OK  [0m] Reached target Network (Pre).
         Starting Raise network interfaces...
[[0;32m  OK  [0m] Started Set console font and keymap.
[[0;32m  OK  [0m] Created slice system-getty.slice.
[[0;32m  OK  [0m] Started Raise network interfaces.
[[0;32m  OK  [0m] Reached target Network.
         Starting Initial cloud-init job (metadata service crawler)...
[   23.637202] cloud-init[968]: Cloud-init v. 21.1-19-gbad84ad4-0ubuntu1~16.04.2 running 'init' at Wed, 10 May 2023 16:40:05 +0000. Up 22.32 seconds.
[   23.650667] cloud-init[968]: ci-info: ++++++++++++++++++++++++++++++++++++++Net device info+++++++++++++++++++++++++++++++++++++++
[   23.665870] cloud-init[968]: ci-info: +--------+-------+----------------------------+---------------+--------+-------------------+
[   23.678904] cloud-init[968]: ci-info: | Device |   Up  |          Address           |      Mask     | Scope  |     Hw-Address    |
[   23.690218] cloud-init[968]: ci-info: +--------+-------+----------------------------+---------------+--------+-------------------+
[   23.705865] [[0;32m  OK  [0mcloud-init[968]: ci-info: | enp0s3 |  True |         10.0.2.15          | 255.255.255.0 | global | 02:be:82:6b:cc:1d |
[   23.713914] cloud-init[968]: ci-info: | enp0s3 |  True | fe80::be:82ff:fe6b:cc1d/64 |       .       |  link  | 02:be:82:6b:cc:1d |
[   23.714413] cloud-init[968]: ci-info: | enp0s8 | False |             .              |       .       |   .    | 08:00:27:ce:52:34 |
[   23.715005] cloud-init[968]: ci-info: |   lo   |  True |         127.0.0.1          |   255.0.0.0   |  host  |         .         |
[   23.715436] cloud-init[968]: ci-info: |   lo   |  True |          ::1/128           |       .       |  host  |         .         |
[   23.715947] cloud-init[968]: ci-info: +--------+-------+----------------------------+---------------+--------+-------------------+
[   23.717488] cloud-init[968]: ci-info: +++++++++++++++++++++++++++Route IPv4 info++++++++++++++++++++++++++++
[   23.717955] cloud-init[968]: ci-info: +-------+-------------+----------+---------------+-----------+-------+
[   23.718456] cloud-init[968]: ci-info: | Route | Destination | Gateway  |    Genmask    | Interface | Flags |
[   23.719024] cloud-init[968]: ci-info: +-------+-------------+----------+---------------+-----------+-------+
[   23.719479] cloud-init[968]: ci-info: |   0   |   0.0.0.0   | 10.0.2.2 |    0.0.0.0    |   enp0s3  |   UG  |
[   23.719977] cloud-init[968]: ci-info: |   1   |   10.0.2.0  | 0.0.0.0  | 255.255.255.0 |   enp0s3  |   U   |
[   23.721156] cloud-init[968]: ci-info: +-------+-------------+----------+---------------+-----------+-------+
[   23.721634] cloud-init[968]: ci-info: +++++++++++++++++++Route IPv6 info+++++++++++++++++++
[   23.722143] cloud-init[968]: ci-info: +-------+-------------+---------+-----------+-------+
[   23.722735] cloud-init[968]: ci-info: | Route | Destination | Gateway | Interface | Flags |
[   23.723206] cloud-init[968]: ci-info: +-------+-------------+---------+-----------+-------+
[   23.723716] cloud-init[968]: ci-info: |   0   |  fe80::/64  |    ::   |   enp0s3  |   U   |
[   23.724843] cloud-init[968]: ci-info: |   3   |   ff00::/8  |    ::   |   enp0s3  |   U   |
[   23.725337] cloud-init[968]: ci-info: +-------+-------------+---------+-----------+-------+
[   23.727430] cloud-init[968]: Generating public/private rsa key pair.
[   23.727833] cloud-init[968]: Your identification has been saved in /etc/ssh/ssh_host_rsa_key.
[   23.728970] cloud-init[968]: Your public key has been saved in /etc/ssh/ssh_host_rsa_key.pub.
[   23.729473] cloud-init[968]: The key fingerprint is:
[   23.730058] cloud-init[968]: SHA256:kvep3kAzMxY0T1n5NuU9lC6ETl2ZlZoCzCPrda8b1DI root@ubuntu-xenial
[   23.730511] cloud-init[968]: The key's randomart image is:
[   23.731132] cloud-init[968]: +---[RSA 2048]----+
[   23.731618] cloud-init[968]: |        = .o+...B|
[   23.732355] cloud-init[968]: |       o O.o.o *.|
[   23.732820] cloud-init[968]: |        + * ..=o.|
[   23.733319] cloud-init[968]: |       o o +.++oo|
[   23.733840] cloud-init[968]: |      + S .Eoo...|
[   23.734349] cloud-init[968]: |       * *..o.   |
[   23.734968] cloud-init[968]: |        . o..    |
[   23.735439] cloud-init[968]: |         + ..    |
[   23.735956] cloud-init[968]: |       .o ...    |
[   23.737087] cloud-init[968]: +----[SHA256]-----+
[   23.737614] cloud-init[968]: Generating public/private dsa key pair.
[   23.738086] cloud-init[968]: Your identification has been saved in /etc/ssh/ssh_host_dsa_key.
[   23.738732] cloud-init[968]: Your public key has been saved in /etc/ssh/ssh_host_dsa_key.pub.
[   23.739234] cloud-init[968]: The key fingerprint is:
[   23.739753] cloud-init[968]: SHA256:V0GrHUZURJtEIx/z5PfuUGGEc8D13hubUB2uXY3+qvs root@ubuntu-xenial
[   23.741171] cloud-init[968]: The key's randomart image is:
[   23.741654] cloud-init[968]: +---[DSA 1024]----+
[   23.742181] cloud-init[968]: |           oB*&+.|
[   23.744893] cloud-init[968]: |           . Xo%=|
[   23.745478] cloud-init[968]: |            = B=O|
[   23.746367] cloud-init[968]: |           = o=.*|
[   23.746982] cloud-init[968]: |        S o .o.o=|
[   23.747716] cloud-init[968]: |         .    .+=|
[   23.748860] cloud-init[968]: |              .+o|
[   23.749619] cloud-init[968]: |               + |
[   23.750550] cloud-init[968]: |            o+E .|
[   23.751104] cloud-init[968]: +----[SHA256]-----+
[   23.751694] cloud-init[968]: Generating public/private ecdsa key pair.
[   23.752784] cloud-init[968]: Your identification has been saved in /etc/ssh/ssh_host_ecdsa_key.
[   23.753306] cloud-init[968]: Your public key has been saved in /etc/ssh/ssh_host_ecdsa_key.pub.
[   23.753808] cloud-init[968]: The key fingerprint is:
[   23.754332] cloud-init[968]: SHA256:3uz5YAU2gusqDxB2Go+5oSfNMAnZZd2Opek2JTWwHAg root@ubuntu-xenial
[   23.754836] cloud-init[968]: The key's randomart image is:
[   23.755357] cloud-init[968]: +---[ECDSA 256]---+
[   23.755932] cloud-init[968]: |  E.oooo         |
[   23.756973] cloud-init[968]: | o o...+=        |
[   23.757475] cloud-init[968]: |+o..  +B..+      |
[   23.757980] cloud-init[968]: |ooB   =.oo o     |
[   23.759311] cloud-init[968]: |== . ..oS   .    |
[   23.763185] cloud-init[968]: |.*o  .+. o .     |
[   23.763671] cloud-init[968]: |o.=  .... =      |
[   23.764318] cloud-init[968]: | o.. .   o o     |
[   23.764692] cloud-init[968]: |   oo     o..    |
[   23.765194] cloud-init[968]: +----[SHA256]-----+
[   23.765724] cloud-init[968]: Generating public/private ed25519 key pair.
[   23.766230] cloud-init[968]: Your identification has been saved in /etc/ssh/ssh_host_ed25519_key.
[   23.921304] cloud-init[968]: Your public key has been saved in /etc/ssh/ssh_host_ed25519_key.pub.
[   23.921722] cloud-init[968]: The key fingerprint is:
[   23.922284] cloud-init[968]: SHA256:D8JWGsaBjP3BDgFHm/Qeya/5n5rkQxWYDgeflpEMBhg root@ubuntu-xenial
[   23.922797] cloud-init[968]: The key's randomart image is:
[   23.923399] cloud-init[968]: +--[ED25519 256]--+
[   23.925019] cloud-init[968]: |  EO*==+.+       |
[   23.927131] cloud-init[968]: |  oo=B++*+.      |
[   23.927722] cloud-init[968]: |    o+O=*  .     |
[   23.928078] cloud-init[968]: |     +oB. .      |
[   23.929237] cloud-init[968]: |      * S.       |
[   23.929710] cloud-init[968]: |     . +.o       |
[   23.930220] cloud-init[968]: |      o.. .      |
[   23.930816] cloud-init[968]: |       +.. .     |
[   23.931274] cloud-init[968]: |        =+o      |
[   23.931785] cloud-init[968]: +----[SHA256]-----+
] Started Initial cloud-init job (metadata service crawler).
[[0;32m  OK  [0m] Reached target Network is Online.
         Starting iSCSI initiator daemon (iscsid)...
[[0;32m  OK  [0m] Reached target System Initialization.
[[0;32m  OK  [0m] Started Daily apt download activities.
[[0;32m  OK  [0m] Started Daily apt upgrade and clean activities.
[[0;32m  OK  [0m] Started Daily Cleanup of Temporary Directories.
         Starting LXD - unix socket.
         Starting Socket activation for snappy daemon.
[[0;32m  OK  [0m] Started ACPI Events Check.
[[0;32m  OK  [0m] Reached target Paths.
[[0;32m  OK  [0m] Listening on D-Bus System Message Bus Socket.
[[0;32m  OK  [0m] Started Ubuntu Advantage update messaging.
[[0;32m  OK  [0m] Listening on ACPID Listen Socket.
[[0;32m  OK  [0m] Started Message of the Day.
[[0;32m  OK  [0m] Reached target Timers.
[[0;32m  OK  [0m] Listening on UUID daemon activation socket.
[[0;32m  OK  [0m] Reached target Cloud-config availability.
[[0;32m  OK  [0m] Listening on LXD - unix socket.
[[0;32m  OK  [0m] Listening on Socket activation for snappy daemon.
[[0;32m  OK  [0m] Reached target Sockets.
[[0;32m  OK  [0m] Reached target Basic System.
         Starting LSB: MD monitoring daemon...
         Starting Virtualbox guest utils...
         Starting LSB: Record successful boot for GRUB...
         Starting Accounts Service...
[[0;32m  OK  [0m] Started Deferred execution scheduler.
         Starting /etc/rc.local Compatibility...
         Starting Pollinate to seed the pseudo random number generator...
[[0;32m  OK  [0m] Started ACPI event daemon.
         Starting Login Service...
[[0;32m  OK  [0m] Started Regular background program processing daemon.
         Starting Snap Daemon...
[[0;32m  OK  [0m] Started D-Bus System Message Bus.
[[0;32m  OK  [0m] Started FUSE filesystem for LXC.
         Starting System Logging Service...
         Starting LXD - container startup/shutdown...
[[0;32m  OK  [0m] Started iSCSI initiator daemon (iscsid).
[[0;32m  OK  [0m] Started /etc/rc.local Compatibility.
[[0;32m  OK  [0m] Started Login Service.
[[0;32m  OK  [0m] Started Unattended Upgrades Shutdown.
         Starting Login to default iSCSI targets...
         Starting Authenticate and Authorize Users to Run Privileged Tasks...
[[0;32m  OK  [0m] Started System Logging Service.
[[0;32m  OK  [0m] Started LSB: Record successful boot for GRUB.
[[0;32m  OK  [0m] Started LSB: MD monitoring daemon.
[[0;32m  OK  [0m] Started Login to default iSCSI targets.
[[0;32m  OK  [0m] Reached target Remote File Systems (Pre).
[[0;32m  OK  [0m] Reached target Remote File Systems.
         Starting LSB: automatic crash report generation...
         Starting Permit User Sessions...
         Starting LSB: Set the CPU Frequency Scaling governor to "ondemand"...
         Starting LSB: daemon to balance interrupts for SMP systems...
[[0;32m  OK  [0m] Started Authenticate and Authorize Users to Run Privileged Tasks.
[[0;32m  OK  [0m] Started Accounts Service.
[[0;32m  OK  [0m] Started Permit User Sessions.
         Starting Terminate Plymouth Boot Screen...
         Starting Hold until boot process finishes up...
[[0;32m  OK  [0m] Started Terminate Plymouth Boot Screen.
[[0;32m  OK  [0m] Started Hold until boot process finishes up.
[[0;32m  OK  [0m] Started Serial Getty on ttyS0.
[[0;32m  OK  [0m] Started Getty on tty1.
[[0;32m  OK  [0m] Reached target Login Prompts.
         Starting Set console scheme...
[[0;32m  OK  [0m] Started Set console scheme.
[[0;32m  OK  [0m] Started LSB: Set the CPU Frequency Scaling governor to "ondemand".
[[0;32m  OK  [0m] Started LSB: daemon to balance interrupts for SMP systems.
[[0;32m  OK  [0m] Started LSB: automatic crash report generation.
[[0;32m  OK  [0m] Started Virtualbox guest utils.
[[0;32m  OK  [0m] Started LXD - container startup/shutdown.
[[0;32m  OK  [0m] Started Pollinate to seed the pseudo random number generator.
         Starting OpenBSD Secure Shell server...
[[0;32m  OK  [0m] Started OpenBSD Secure Shell server.
[[0;32m  OK  [0m] Started Snap Daemon.
         Starting Wait until snapd is fully seeded...
[[0;32m  OK  [0m] Created slice User Slice of vagrant.
         Starting User Manager for UID 1000...
[[0;32m  OK  [0m] Started Session 1 of user vagrant.
[[0;32m  OK  [0m] Started User Manager for UID 1000.
[[0;32m  OK  [0m] Started Wait until snapd is fully seeded.
         Starting Apply the settings specified in cloud-config...
[[0;32m  OK  [0m] Reached target Multi-User System.
[[0;32m  OK  [0m] Reached target Graphical Interface.
         Starting Update UTMP about System Runlevel Changes...
[[0;32m  OK  [0m] Started Update UTMP about System Runlevel Changes.
[   27.901803] cloud-init[1380]: Generating locales (this might take a while)...
[   30.182609] cloud-init[1380]:   en_US.UTF-8... done
[   30.194543] cloud-init[1380]: Generation complete.

Ubuntu 1[   31.217469] cloud-init[1380]: Cloud-init v. 21.1-19-gbad84ad4-0ubuntu1~16.04.2 running 'modules:config' at Wed, 10 May 2023 16:40:10 +0000. Up 27.62 seconds.6.04.7 LTS ubuntu-xenial 
ttyS0

ubuntu-xenial login: ci-info: no authorized SSH keys fingerprints found for user ubuntu.
<14>May 10 16:40:15 ec2: 
<14>May 10 16:40:15 ec2: #############################################################
<14>May 10 16:40:15 ec2: -----BEGIN SSH HOST KEY FINGERPRINTS-----
<14>May 10 16:40:15 ec2: 1024 SHA256:V0GrHUZURJtEIx/z5PfuUGGEc8D13hubUB2uXY3+qvs root@ubuntu-xenial (DSA)
<14>May 10 16:40:15 ec2: 256 SHA256:3uz5YAU2gusqDxB2Go+5oSfNMAnZZd2Opek2JTWwHAg root@ubuntu-xenial (ECDSA)
<14>May 10 16:40:15 ec2: 256 SHA256:D8JWGsaBjP3BDgFHm/Qeya/5n5rkQxWYDgeflpEMBhg root@ubuntu-xenial (ED25519)
<14>May 10 16:40:15 ec2: 2048 SHA256:kvep3kAzMxY0T1n5NuU9lC6ETl2ZlZoCzCPrda8b1DI root@ubuntu-xenial (RSA)
<14>May 10 16:40:15 ec2: -----END SSH HOST KEY FINGERPRINTS-----
<14>May 10 16:40:15 ec2: #############################################################
-----BEGIN SSH HOST KEY KEYS-----
ecdsa-sha2-nistp256 AAAAE2VjZHNhLXNoYTItbmlzdHAyNTYAAAAIbmlzdHAyNTYAAABBBEXAa3oOghP5X+K6rFbRawPdmWyt4Nr7Ln3bxOnIzeN49qwejhKbDm0YZ/Y2lhGaJq5qr3qIIrtkqZ+njn2NliY= root@ubuntu-xenial
ssh-ed25519 AAAAC3NzaC1lZDI1NTE5AAAAIEGcMR+2Q9kShz7xULZqc3W6PZvmPNoSPd6fNGvbh7S7 root@ubuntu-xenial
ssh-rsa AAAAB3NzaC1yc2EAAAADAQABAAABAQDCdBKgYGcLPV75LADjwXjhTRaLsi5TSoHdkyFLsoBZKVrl/4/5PNARyogPkqiy/PqWpJnPwo9bkx9x6ZjzgjXUwWQ6x0TsseDp52feVQqiapRtfV2/5dgWHlT+P7DtbMD85Epcyl5+F39i9OHMF9kpbnTGGR/TaLw4IB8YLNWxTliLASB3RQpRLMNMCVQIhFXL/wn71uqr3uponB2E7LsgQ1uoUpJdJs2TE7ao2RPzLEkRnbdv0ht4+toJIJRQ1VFZxLVfzwlY9XkHFh18cwLgczt3s1pxdyo/lRUXk3IbHGq3Yw7dNrtjz8eVaHGipDbv5sg68xHEZ0QH4AhabL5X root@ubuntu-xenial
-----END SSH HOST KEY KEYS-----
[   32.284959] cloud-init[1492]: Cloud-init v. 21.1-19-gbad84ad4-0ubuntu1~16.04.2 running 'modules:final' at Wed, 10 May 2023 16:40:15 +0000. Up 31.90 seconds.
[   32.285362] cloud-init[1492]: ci-info: no authorized SSH keys fingerprints found for user ubuntu.
[   32.285923] cloud-init[1492]: Cloud-init v. 21.1-19-gbad84ad4-0ubuntu1~16.04.2 finished at Wed, 10 May 2023 16:40:15 +0000. Datasource DataSourceNoCloud [seed=/dev/sdb][dsmode=net].  Up 32.27 seconds
